
  .   ____          _            __ _ _
 /\\ / ___'_ __ _ _(_)_ __  __ _ \ \ \ \
( ( )\___ | '_ | '_| | '_ \/ _` | \ \ \ \
 \\/  ___)| |_)| | | | | || (_| |  ) ) ) )
  '  |____| .__|_| |_|_| |_\__, | / / / /
 =========|_|==============|___/=/_/_/_/
 :: Spring Boot ::                (v3.2.0)

2025-11-24T00:49:33.990-05:00  INFO 8992 --- [story-service] [           main] c.s.story.StoryServiceApplication        : Starting StoryServiceApplication using Java 21.0.9 with PID 8992 (C:\Users\hp\Desktop\Working\moreoptimized\StoryWritingProject - MainCopyUsingCluadeSonnet4\microservices\story-service\target\story-service-0.0.1-SNAPSHOT.jar started by hp in C:\Users\hp\Desktop\Working\moreoptimized\StoryWritingProject - MainCopyUsingCluadeSonnet4\microservices\story-service)
2025-11-24T00:49:33.997-05:00  INFO 8992 --- [story-service] [           main] c.s.story.StoryServiceApplication        : No active profile set, falling back to 1 default profile: "default"
2025-11-24T00:49:40.881-05:00  INFO 8992 --- [story-service] [           main] .s.d.r.c.RepositoryConfigurationDelegate : Bootstrapping Spring Data JPA repositories in DEFAULT mode.
2025-11-24T00:49:41.548-05:00  INFO 8992 --- [story-service] [           main] .s.d.r.c.RepositoryConfigurationDelegate : Finished Spring Data repository scanning in 654 ms. Found 8 JPA repository interfaces.
2025-11-24T00:49:43.370-05:00  INFO 8992 --- [story-service] [           main] o.s.cloud.context.scope.GenericScope     : BeanFactory id=9dce0fb2-873b-3eaf-8436-b23e93999346
2025-11-24T00:49:45.788-05:00  WARN 8992 --- [story-service] [           main] trationDelegate$BeanPostProcessorChecker : Bean 'org.springframework.cloud.client.loadbalancer.LoadBalancerAutoConfiguration$LoadBalancerInterceptorConfig' of type [org.springframework.cloud.client.loadbalancer.LoadBalancerAutoConfiguration$LoadBalancerInterceptorConfig] is not eligible for getting processed by all BeanPostProcessors (for example: not eligible for auto-proxying). The currently created BeanPostProcessor [lbRestClientPostProcessor] is declared through a non-static factory method on that class; consider declaring it as static instead.
2025-11-24T00:49:45.812-05:00  WARN 8992 --- [story-service] [           main] trationDelegate$BeanPostProcessorChecker : Bean 'org.springframework.cloud.loadbalancer.config.BlockingLoadBalancerClientAutoConfiguration' of type [org.springframework.cloud.loadbalancer.config.BlockingLoadBalancerClientAutoConfiguration] is not eligible for getting processed by all BeanPostProcessors (for example: not eligible for auto-proxying). Is this bean getting eagerly injected into a currently created BeanPostProcessor [lbRestClientPostProcessor]? Check the corresponding BeanPostProcessor declaration and its dependencies.
2025-11-24T00:49:45.822-05:00  WARN 8992 --- [story-service] [           main] trationDelegate$BeanPostProcessorChecker : Bean 'org.springframework.cloud.loadbalancer.config.LoadBalancerAutoConfiguration' of type [org.springframework.cloud.loadbalancer.config.LoadBalancerAutoConfiguration] is not eligible for getting processed by all BeanPostProcessors (for example: not eligible for auto-proxying). Is this bean getting eagerly injected into a currently created BeanPostProcessor [lbRestClientPostProcessor]? Check the corresponding BeanPostProcessor declaration and its dependencies.
2025-11-24T00:49:45.878-05:00  WARN 8992 --- [story-service] [           main] trationDelegate$BeanPostProcessorChecker : Bean 'org.springframework.cloud.commons.config.CommonsConfigAutoConfiguration' of type [org.springframework.cloud.commons.config.CommonsConfigAutoConfiguration] is not eligible for getting processed by all BeanPostProcessors (for example: not eligible for auto-proxying). Is this bean getting eagerly injected into a currently created BeanPostProcessor [lbRestClientPostProcessor]? Check the corresponding BeanPostProcessor declaration and its dependencies.
2025-11-24T00:49:45.885-05:00  WARN 8992 --- [story-service] [           main] trationDelegate$BeanPostProcessorChecker : Bean 'org.springframework.cloud.client.loadbalancer.LoadBalancerDefaultMappingsProviderAutoConfiguration' of type [org.springframework.cloud.client.loadbalancer.LoadBalancerDefaultMappingsProviderAutoConfiguration] is not eligible for getting processed by all BeanPostProcessors (for example: not eligible for auto-proxying). Is this bean getting eagerly injected into a currently created BeanPostProcessor [lbRestClientPostProcessor]? Check the corresponding BeanPostProcessor declaration and its dependencies.
2025-11-24T00:49:45.893-05:00  WARN 8992 --- [story-service] [           main] trationDelegate$BeanPostProcessorChecker : Bean 'loadBalancerClientsDefaultsMappingsProvider' of type [org.springframework.cloud.client.loadbalancer.LoadBalancerDefaultMappingsProviderAutoConfiguration$$Lambda/0x00000138e048e108] is not eligible for getting processed by all BeanPostProcessors (for example: not eligible for auto-proxying). Is this bean getting eagerly injected into a currently created BeanPostProcessor [lbRestClientPostProcessor]? Check the corresponding BeanPostProcessor declaration and its dependencies.
2025-11-24T00:49:45.911-05:00  WARN 8992 --- [story-service] [           main] trationDelegate$BeanPostProcessorChecker : Bean 'defaultsBindHandlerAdvisor' of type [org.springframework.cloud.commons.config.DefaultsBindHandlerAdvisor] is not eligible for getting processed by all BeanPostProcessors (for example: not eligible for auto-proxying). Is this bean getting eagerly injected into a currently created BeanPostProcessor [lbRestClientPostProcessor]? Check the corresponding BeanPostProcessor declaration and its dependencies.
2025-11-24T00:49:45.965-05:00  WARN 8992 --- [story-service] [           main] trationDelegate$BeanPostProcessorChecker : Bean 'spring.cloud.loadbalancer-org.springframework.cloud.client.loadbalancer.LoadBalancerClientsProperties' of type [org.springframework.cloud.client.loadbalancer.LoadBalancerClientsProperties] is not eligible for getting processed by all BeanPostProcessors (for example: not eligible for auto-proxying). Is this bean getting eagerly injected into a currently created BeanPostProcessor [lbRestClientPostProcessor]? Check the corresponding BeanPostProcessor declaration and its dependencies.
2025-11-24T00:49:46.011-05:00  WARN 8992 --- [story-service] [           main] trationDelegate$BeanPostProcessorChecker : Bean 'default.org.springframework.cloud.loadbalancer.config.LoadBalancerAutoConfiguration.LoadBalancerClientSpecification' of type [org.springframework.cloud.loadbalancer.annotation.LoadBalancerClientSpecification] is not eligible for getting processed by all BeanPostProcessors (for example: not eligible for auto-proxying). Is this bean getting eagerly injected into a currently created BeanPostProcessor [lbRestClientPostProcessor]? Check the corresponding BeanPostProcessor declaration and its dependencies.
2025-11-24T00:49:46.021-05:00  WARN 8992 --- [story-service] [           main] trationDelegate$BeanPostProcessorChecker : Bean 'default.org.springframework.cloud.loadbalancer.config.BlockingLoadBalancerClientAutoConfiguration.LoadBalancerClientSpecification' of type [org.springframework.cloud.loadbalancer.annotation.LoadBalancerClientSpecification] is not eligible for getting processed by all BeanPostProcessors (for example: not eligible for auto-proxying). Is this bean getting eagerly injected into a currently created BeanPostProcessor [lbRestClientPostProcessor]? Check the corresponding BeanPostProcessor declaration and its dependencies.
2025-11-24T00:49:46.036-05:00  WARN 8992 --- [story-service] [           main] trationDelegate$BeanPostProcessorChecker : Bean 'default.org.springframework.cloud.netflix.eureka.loadbalancer.LoadBalancerEurekaAutoConfiguration.LoadBalancerClientSpecification' of type [org.springframework.cloud.loadbalancer.annotation.LoadBalancerClientSpecification] is not eligible for getting processed by all BeanPostProcessors (for example: not eligible for auto-proxying). Is this bean getting eagerly injected into a currently created BeanPostProcessor [lbRestClientPostProcessor]? Check the corresponding BeanPostProcessor declaration and its dependencies.
2025-11-24T00:49:46.090-05:00  WARN 8992 --- [story-service] [           main] trationDelegate$BeanPostProcessorChecker : Bean 'loadBalancerClientFactory' of type [org.springframework.cloud.loadbalancer.support.LoadBalancerClientFactory] is not eligible for getting processed by all BeanPostProcessors (for example: not eligible for auto-proxying). Is this bean getting eagerly injected into a currently created BeanPostProcessor [lbRestClientPostProcessor]? Check the corresponding BeanPostProcessor declaration and its dependencies.
2025-11-24T00:49:46.172-05:00  WARN 8992 --- [story-service] [           main] trationDelegate$BeanPostProcessorChecker : Bean 'blockingLoadBalancerClient' of type [org.springframework.cloud.loadbalancer.blocking.client.BlockingLoadBalancerClient] is not eligible for getting processed by all BeanPostProcessors (for example: not eligible for auto-proxying). Is this bean getting eagerly injected into a currently created BeanPostProcessor [lbRestClientPostProcessor]? Check the corresponding BeanPostProcessor declaration and its dependencies.
2025-11-24T00:49:46.365-05:00  WARN 8992 --- [story-service] [           main] trationDelegate$BeanPostProcessorChecker : Bean 'loadBalancerServiceInstanceCookieTransformer' of type [org.springframework.cloud.loadbalancer.core.LoadBalancerServiceInstanceCookieTransformer] is not eligible for getting processed by all BeanPostProcessors (for example: not eligible for auto-proxying). Is this bean getting eagerly injected into a currently created BeanPostProcessor [lbRestClientPostProcessor]? Check the corresponding BeanPostProcessor declaration and its dependencies.
2025-11-24T00:49:46.383-05:00  WARN 8992 --- [story-service] [           main] trationDelegate$BeanPostProcessorChecker : Bean 'xForwarderHeadersTransformer' of type [org.springframework.cloud.loadbalancer.blocking.XForwardedHeadersTransformer] is not eligible for getting processed by all BeanPostProcessors (for example: not eligible for auto-proxying). Is this bean getting eagerly injected into a currently created BeanPostProcessor [lbRestClientPostProcessor]? Check the corresponding BeanPostProcessor declaration and its dependencies.
2025-11-24T00:49:46.395-05:00  WARN 8992 --- [story-service] [           main] trationDelegate$BeanPostProcessorChecker : Bean 'org.springframework.cloud.client.loadbalancer.LoadBalancerAutoConfiguration' of type [org.springframework.cloud.client.loadbalancer.LoadBalancerAutoConfiguration] is not eligible for getting processed by all BeanPostProcessors (for example: not eligible for auto-proxying). Is this bean getting eagerly injected into a currently created BeanPostProcessor [lbRestClientPostProcessor]? Check the corresponding BeanPostProcessor declaration and its dependencies.
2025-11-24T00:49:46.404-05:00  WARN 8992 --- [story-service] [           main] trationDelegate$BeanPostProcessorChecker : Bean 'loadBalancerRequestFactory' of type [org.springframework.cloud.client.loadbalancer.LoadBalancerRequestFactory] is not eligible for getting processed by all BeanPostProcessors (for example: not eligible for auto-proxying). Is this bean getting eagerly injected into a currently created BeanPostProcessor [lbRestClientPostProcessor]? Check the corresponding BeanPostProcessor declaration and its dependencies.
2025-11-24T00:49:46.417-05:00  WARN 8992 --- [story-service] [           main] trationDelegate$BeanPostProcessorChecker : Bean 'loadBalancerInterceptor' of type [org.springframework.cloud.client.loadbalancer.LoadBalancerInterceptor] is not eligible for getting processed by all BeanPostProcessors (for example: not eligible for auto-proxying). Is this bean getting eagerly injected into a currently created BeanPostProcessor [lbRestClientPostProcessor]? Check the corresponding BeanPostProcessor declaration and its dependencies.
2025-11-24T00:49:48.534-05:00  INFO 8992 --- [story-service] [           main] o.s.b.w.embedded.tomcat.TomcatWebServer  : Tomcat initialized with port 8082 (http)
2025-11-24T00:49:48.544-05:00  INFO 8992 --- [story-service] [           main] o.apache.catalina.core.StandardService   : Starting service [Tomcat]
2025-11-24T00:49:48.544-05:00  INFO 8992 --- [story-service] [           main] o.apache.catalina.core.StandardEngine    : Starting Servlet engine: [Apache Tomcat/10.1.16]
2025-11-24T00:49:48.678-05:00  INFO 8992 --- [story-service] [           main] o.a.c.c.C.[Tomcat].[localhost].[/]       : Initializing Spring embedded WebApplicationContext
2025-11-24T00:49:48.692-05:00  INFO 8992 --- [story-service] [           main] w.s.c.ServletWebServerApplicationContext : Root WebApplicationContext: initialization completed in 14281 ms
2025-11-24T00:49:53.671-05:00  INFO 8992 --- [story-service] [           main] o.hibernate.jpa.internal.util.LogHelper  : HHH000204: Processing PersistenceUnitInfo [name: default]
2025-11-24T00:49:53.974-05:00  INFO 8992 --- [story-service] [           main] org.hibernate.Version                    : HHH000412: Hibernate ORM core version 6.3.1.Final
2025-11-24T00:49:54.129-05:00  INFO 8992 --- [story-service] [           main] o.h.c.internal.RegionFactoryInitiator    : HHH000026: Second-level cache disabled
2025-11-24T00:49:55.246-05:00  INFO 8992 --- [story-service] [           main] o.s.o.j.p.SpringPersistenceUnitInfo      : No LoadTimeWeaver setup: ignoring JPA class transformer
2025-11-24T00:49:55.444-05:00  INFO 8992 --- [story-service] [           main] com.zaxxer.hikari.HikariDataSource       : HikariPool-1 - Starting...
2025-11-24T00:49:57.012-05:00  INFO 8992 --- [story-service] [           main] com.zaxxer.hikari.pool.HikariPool        : HikariPool-1 - Added connection com.mysql.cj.jdbc.ConnectionImpl@3ec211cc
2025-11-24T00:49:57.018-05:00  INFO 8992 --- [story-service] [           main] com.zaxxer.hikari.HikariDataSource       : HikariPool-1 - Start completed.
2025-11-24T00:49:57.438-05:00  WARN 8992 --- [story-service] [           main] org.hibernate.orm.deprecation            : HHH90000025: MySQLDialect does not need to be specified explicitly using 'hibernate.dialect' (remove the property setting and it will be selected by default)
2025-11-24T00:50:00.489-05:00  INFO 8992 --- [story-service] [           main] o.h.e.t.j.p.i.JtaPlatformInitiator       : HHH000489: No JTA platform available (set 'hibernate.transaction.jta.platform' to enable JTA platform integration)
2025-11-24T00:50:00.874-05:00  INFO 8992 --- [story-service] [           main] j.LocalContainerEntityManagerFactoryBean : Initialized JPA EntityManagerFactory for persistence unit 'default'
2025-11-24T00:50:03.759-05:00  INFO 8992 --- [story-service] [           main] o.s.d.j.r.query.QueryEnhancerFactory     : Hibernate is in classpath; If applicable, HQL parser will be used.
2025-11-24T00:50:10.773-05:00  WARN 8992 --- [story-service] [           main] JpaBaseConfiguration$JpaWebConfiguration : spring.jpa.open-in-view is enabled by default. Therefore, database queries may be performed during view rendering. Explicitly configure spring.jpa.open-in-view to disable this warning
2025-11-24T00:50:11.802-05:00  INFO 8992 --- [story-service] [           main] o.s.c.openfeign.FeignClientFactoryBean   : For 'user-service' URL not provided. Will try picking an instance via load-balancing.
2025-11-24T00:50:12.655-05:00  WARN 8992 --- [story-service] [           main] .s.s.UserDetailsServiceAutoConfiguration : 

Using generated security password: 80032101-fc83-4909-9962-20efe2dcf539

This generated password is for development use only. Your security configuration must be updated before running your application in production.

2025-11-24T00:50:16.629-05:00  INFO 8992 --- [story-service] [           main] o.s.b.a.e.web.EndpointLinksResolver      : Exposing 2 endpoint(s) beneath base path '/actuator'
2025-11-24T00:50:16.916-05:00  INFO 8992 --- [story-service] [           main] o.s.s.web.DefaultSecurityFilterChain     : Will secure any request with [org.springframework.security.web.session.DisableEncodeUrlFilter@2f533bd1, org.springframework.security.web.context.request.async.WebAsyncManagerIntegrationFilter@13a590f3, org.springframework.security.web.context.SecurityContextHolderFilter@287cfa9c, org.springframework.security.web.header.HeaderWriterFilter@696faa2b, org.springframework.web.filter.CorsFilter@4243ed1b, org.springframework.security.web.authentication.logout.LogoutFilter@1e3da033, com.storyapp.story.security.JwtAuthenticationFilter@4d8056bf, org.springframework.security.web.savedrequest.RequestCacheAwareFilter@54ba4f78, org.springframework.security.web.servletapi.SecurityContextHolderAwareRequestFilter@947782d, org.springframework.security.web.authentication.AnonymousAuthenticationFilter@29932728, org.springframework.security.web.session.SessionManagementFilter@2aecd5a4, org.springframework.security.web.access.ExceptionTranslationFilter@b13c600, org.springframework.security.web.access.intercept.AuthorizationFilter@18c04885]
2025-11-24T00:50:20.538-05:00  INFO 8992 --- [story-service] [           main] DiscoveryClientOptionalArgsConfiguration : Eureka HTTP Client uses RestTemplate.
2025-11-24T00:50:20.805-05:00  WARN 8992 --- [story-service] [           main] iguration$LoadBalancerCaffeineWarnLogger : Spring Cloud LoadBalancer is currently working with the default cache. While this cache implementation is useful for development and tests, it's recommended to use Caffeine cache in production.You can switch to using Caffeine cache, by adding it and org.springframework.cache.caffeine.CaffeineCacheManager to the classpath.
2025-11-24T00:50:21.351-05:00  INFO 8992 --- [story-service] [           main] o.s.c.n.eureka.InstanceInfoFactory       : Setting initial instance status as: STARTING
2025-11-24T00:50:21.777-05:00  INFO 8992 --- [story-service] [           main] com.netflix.discovery.DiscoveryClient    : Initializing Eureka in region us-east-1
2025-11-24T00:50:21.794-05:00  INFO 8992 --- [story-service] [           main] c.n.d.s.r.aws.ConfigClusterResolver      : Resolving eureka endpoints via configuration
2025-11-24T00:50:21.920-05:00  INFO 8992 --- [story-service] [           main] com.netflix.discovery.DiscoveryClient    : Disable delta property : false
2025-11-24T00:50:21.921-05:00  INFO 8992 --- [story-service] [           main] com.netflix.discovery.DiscoveryClient    : Single vip registry refresh property : null
2025-11-24T00:50:21.921-05:00  INFO 8992 --- [story-service] [           main] com.netflix.discovery.DiscoveryClient    : Force full registry fetch : false
2025-11-24T00:50:21.921-05:00  INFO 8992 --- [story-service] [           main] com.netflix.discovery.DiscoveryClient    : Application is null : false
2025-11-24T00:50:21.924-05:00  INFO 8992 --- [story-service] [           main] com.netflix.discovery.DiscoveryClient    : Registered Applications size is zero : true
2025-11-24T00:50:21.925-05:00  INFO 8992 --- [story-service] [           main] com.netflix.discovery.DiscoveryClient    : Application version is -1: true
2025-11-24T00:50:21.925-05:00  INFO 8992 --- [story-service] [           main] com.netflix.discovery.DiscoveryClient    : Getting all instance registry info from the eureka server
2025-11-24T00:50:23.500-05:00  INFO 8992 --- [story-service] [           main] com.netflix.discovery.DiscoveryClient    : The response status is 200
2025-11-24T00:50:23.510-05:00  INFO 8992 --- [story-service] [           main] com.netflix.discovery.DiscoveryClient    : Starting heartbeat executor: renew interval is: 30
2025-11-24T00:50:23.517-05:00  INFO 8992 --- [story-service] [           main] c.n.discovery.InstanceInfoReplicator     : InstanceInfoReplicator onDemand update allowed rate per min is 4
2025-11-24T00:50:23.558-05:00  INFO 8992 --- [story-service] [           main] com.netflix.discovery.DiscoveryClient    : Discovery Client initialized at timestamp 1763963423555 with initial instances count: 2
2025-11-24T00:50:23.598-05:00  INFO 8992 --- [story-service] [           main] o.s.c.n.e.s.EurekaServiceRegistry        : Registering application STORY-SERVICE with eureka with status UP
2025-11-24T00:50:23.601-05:00  INFO 8992 --- [story-service] [           main] com.netflix.discovery.DiscoveryClient    : Saw local status change event StatusChangeEvent [timestamp=1763963423601, current=UP, previous=STARTING]
2025-11-24T00:50:23.608-05:00  INFO 8992 --- [story-service] [nfoReplicator-0] com.netflix.discovery.DiscoveryClient    : DiscoveryClient_STORY-SERVICE/story-service:8082: registering service...
2025-11-24T00:50:23.721-05:00  INFO 8992 --- [story-service] [           main] o.s.b.w.embedded.tomcat.TomcatWebServer  : Tomcat started on port 8082 (http) with context path ''
2025-11-24T00:50:23.725-05:00  INFO 8992 --- [story-service] [           main] .s.c.n.e.s.EurekaAutoServiceRegistration : Updating port to 8082
2025-11-24T00:50:23.846-05:00  INFO 8992 --- [story-service] [nfoReplicator-0] com.netflix.discovery.DiscoveryClient    : DiscoveryClient_STORY-SERVICE/story-service:8082 - registration status: 204
2025-11-24T00:50:23.847-05:00  INFO 8992 --- [story-service] [           main] c.s.story.StoryServiceApplication        : Started StoryServiceApplication in 53.069 seconds (process running for 56.383)
Hibernate: select count(*) from genres g1_0
2025-11-24T00:53:41.076-05:00  INFO 8992 --- [story-service] [nio-8082-exec-2] o.a.c.c.C.[Tomcat].[localhost].[/]       : Initializing Spring DispatcherServlet 'dispatcherServlet'
2025-11-24T00:53:41.078-05:00  INFO 8992 --- [story-service] [nio-8082-exec-2] o.s.web.servlet.DispatcherServlet        : Initializing Servlet 'dispatcherServlet'
2025-11-24T00:53:41.083-05:00  INFO 8992 --- [story-service] [nio-8082-exec-2] o.s.web.servlet.DispatcherServlet        : Completed initialization in 4 ms
2025-11-24T00:53:41.229-05:00  WARN 8992 --- [story-service] [nio-8082-exec-2] o.s.w.s.h.HandlerMappingIntrospector     : Cache miss for REQUEST dispatch to '/actuator/health' (previous null). Performing CorsConfiguration lookup. This is logged once only at WARN level, and every time at TRACE.
2025-11-24T00:53:41.258-05:00  WARN 8992 --- [story-service] [nio-8082-exec-2] o.s.w.s.h.HandlerMappingIntrospector     : Cache miss for REQUEST dispatch to '/actuator/health' (previous null). Performing MatchableHandlerMapping lookup. This is logged once only at WARN level, and every time at TRACE.
2025-11-24T00:54:23.993-05:00  INFO 8992 --- [story-service] [tbeatExecutor-0] com.netflix.discovery.DiscoveryClient    : DiscoveryClient_STORY-SERVICE/story-service:8082 - Re-registering apps/STORY-SERVICE
2025-11-24T00:54:23.994-05:00  INFO 8992 --- [story-service] [tbeatExecutor-0] com.netflix.discovery.DiscoveryClient    : DiscoveryClient_STORY-SERVICE/story-service:8082: registering service...
2025-11-24T00:54:24.000-05:00  INFO 8992 --- [story-service] [tbeatExecutor-0] com.netflix.discovery.DiscoveryClient    : DiscoveryClient_STORY-SERVICE/story-service:8082 - registration status: 204
2025-11-24T00:55:21.931-05:00  INFO 8992 --- [story-service] [trap-executor-0] c.n.d.s.r.aws.ConfigClusterResolver      : Resolving eureka endpoints via configuration
2025-11-24T01:00:21.936-05:00  INFO 8992 --- [story-service] [trap-executor-0] c.n.d.s.r.aws.ConfigClusterResolver      : Resolving eureka endpoints via configuration
2025-11-24T01:05:21.951-05:00  INFO 8992 --- [story-service] [trap-executor-0] c.n.d.s.r.aws.ConfigClusterResolver      : Resolving eureka endpoints via configuration
2025-11-24T01:10:21.966-05:00  INFO 8992 --- [story-service] [trap-executor-0] c.n.d.s.r.aws.ConfigClusterResolver      : Resolving eureka endpoints via configuration
2025-11-24T01:15:21.978-05:00  INFO 8992 --- [story-service] [trap-executor-0] c.n.d.s.r.aws.ConfigClusterResolver      : Resolving eureka endpoints via configuration
2025-11-24T01:20:22.015-05:00  INFO 8992 --- [story-service] [trap-executor-0] c.n.d.s.r.aws.ConfigClusterResolver      : Resolving eureka endpoints via configuration
2025-11-24T01:25:22.017-05:00  INFO 8992 --- [story-service] [trap-executor-0] c.n.d.s.r.aws.ConfigClusterResolver      : Resolving eureka endpoints via configuration
2025-11-24T01:30:22.021-05:00  INFO 8992 --- [story-service] [trap-executor-0] c.n.d.s.r.aws.ConfigClusterResolver      : Resolving eureka endpoints via configuration
Hibernate: select g1_0.id,g1_0.description,g1_0.name from genres g1_0
Hibernate: select s1_0.id,s1_0.author_username,s1_0.content,s1_0.created_at,s1_0.description,s1_0.is_published,s1_0.like_count,s1_0.show_scene_timeline,s1_0.story_number,s1_0.timeline_json,s1_0.title,s1_0.total_watch_time,s1_0.view_count,s1_0.writers from stories s1_0
Hibernate: select s1_0.id,s1_0.author_username,s1_0.content,s1_0.created_at,s1_0.description,s1_0.is_published,s1_0.like_count,s1_0.show_scene_timeline,s1_0.story_number,s1_0.timeline_json,s1_0.title,s1_0.total_watch_time,s1_0.view_count,s1_0.writers from stories s1_0
Hibernate: select s1_0.id,s1_0.author_username,s1_0.content,s1_0.created_at,s1_0.description,s1_0.is_published,s1_0.like_count,s1_0.show_scene_timeline,s1_0.story_number,s1_0.timeline_json,s1_0.title,s1_0.total_watch_time,s1_0.view_count,s1_0.writers from stories s1_0
Hibernate: select count(c1_0.id) from comments c1_0 where c1_0.story_id=?
Hibernate: select s1_0.id,s1_0.author_username,s1_0.content,s1_0.created_at,s1_0.description,s1_0.is_published,s1_0.like_count,s1_0.show_scene_timeline,s1_0.story_number,s1_0.timeline_json,s1_0.title,s1_0.total_watch_time,s1_0.view_count,s1_0.writers from stories s1_0 where s1_0.author_username=?
Hibernate: select count(c1_0.id) from comments c1_0 where c1_0.story_id=?
Hibernate: select l1_0.id from likes l1_0 where l1_0.story_id=? and l1_0.username=? limit ?
Hibernate: select l1_0.id from likes l1_0 where l1_0.story_id=? and l1_0.username=? limit ?
Hibernate: select f1_0.id from favorites f1_0 where f1_0.story_id=? and f1_0.username=? limit ?
Hibernate: select i1_0.story_id,i1_0.id,i1_0.url from story_images i1_0 where i1_0.story_id=?
Hibernate: select c1_0.story_id,c1_0.id,c1_0.actor_name,c1_0.description,c1_0.name,c1_0.popularity,c1_0.role from characters c1_0 where c1_0.story_id=?
Hibernate: select iu1_0.character_id,iu1_0.image_url from character_images iu1_0 where iu1_0.character_id=?
Hibernate: select iu1_0.character_id,iu1_0.image_url from character_images iu1_0 where iu1_0.character_id=?
Hibernate: select sg1_0.story_id,sg1_0.id,sg1_0.genre_id,g1_0.id,g1_0.description,g1_0.name from story_genres sg1_0 left join genres g1_0 on g1_0.id=sg1_0.genre_id where sg1_0.story_id=?
Hibernate: select f1_0.id from favorites f1_0 where f1_0.story_id=? and f1_0.username=? limit ?
Hibernate: select i1_0.story_id,i1_0.id,i1_0.url from story_images i1_0 where i1_0.story_id=?
Hibernate: select c1_0.story_id,c1_0.id,c1_0.actor_name,c1_0.description,c1_0.name,c1_0.popularity,c1_0.role from characters c1_0 where c1_0.story_id=?
Hibernate: select iu1_0.character_id,iu1_0.image_url from character_images iu1_0 where iu1_0.character_id=?
Hibernate: select iu1_0.character_id,iu1_0.image_url from character_images iu1_0 where iu1_0.character_id=?
Hibernate: select sg1_0.story_id,sg1_0.id,sg1_0.genre_id,g1_0.id,g1_0.description,g1_0.name from story_genres sg1_0 left join genres g1_0 on g1_0.id=sg1_0.genre_id where sg1_0.story_id=?
Hibernate: select s1_0.id,s1_0.author_username,s1_0.content,s1_0.created_at,s1_0.description,s1_0.is_published,s1_0.like_count,s1_0.show_scene_timeline,s1_0.story_number,s1_0.timeline_json,s1_0.title,s1_0.total_watch_time,s1_0.view_count,s1_0.writers from stories s1_0 where s1_0.id=?
Hibernate: select s1_0.id,s1_0.author_username,s1_0.content,s1_0.created_at,s1_0.description,s1_0.is_published,s1_0.like_count,s1_0.show_scene_timeline,s1_0.story_number,s1_0.timeline_json,s1_0.title,s1_0.total_watch_time,s1_0.view_count,s1_0.writers from stories s1_0 where s1_0.title=? and s1_0.author_username=? and s1_0.id!=?
Received showSceneTimeline: true
Set showSceneTimeline to: true
Hibernate: select c1_0.story_id,c1_0.id,c1_0.actor_name,c1_0.description,c1_0.name,c1_0.popularity,c1_0.role from characters c1_0 where c1_0.story_id=?
Hibernate: select iu1_0.character_id,iu1_0.image_url from character_images iu1_0 where iu1_0.character_id=?
Hibernate: select iu1_0.character_id,iu1_0.image_url from character_images iu1_0 where iu1_0.character_id=?
Hibernate: select i1_0.story_id,i1_0.id,i1_0.url from story_images i1_0 where i1_0.story_id=?
Hibernate: insert into characters (actor_name,description,name,popularity,role,story_id) values (?,?,?,?,?,?)
2025-11-24T01:33:42.285-05:00  WARN 8992 --- [story-service] [nio-8082-exec-8] o.h.engine.jdbc.spi.SqlExceptionHelper   : SQL Error: 1062, SQLState: 23000
2025-11-24T01:33:42.285-05:00 ERROR 8992 --- [story-service] [nio-8082-exec-8] o.h.engine.jdbc.spi.SqlExceptionHelper   : Duplicate entry '1-Bahubali' for key 'characters.UKm54vwjmdwu0ulhyjvjqece5hk'
Hibernate: select s1_0.id,s1_0.author_username,s1_0.content,s1_0.created_at,s1_0.description,s1_0.is_published,s1_0.like_count,s1_0.show_scene_timeline,s1_0.story_number,s1_0.timeline_json,s1_0.title,s1_0.total_watch_time,s1_0.view_count,s1_0.writers from stories s1_0 where s1_0.id=?
Hibernate: select s1_0.id,s1_0.author_username,s1_0.content,s1_0.created_at,s1_0.description,s1_0.is_published,s1_0.like_count,s1_0.show_scene_timeline,s1_0.story_number,s1_0.timeline_json,s1_0.title,s1_0.total_watch_time,s1_0.view_count,s1_0.writers from stories s1_0 where s1_0.title=? and s1_0.author_username=? and s1_0.id!=?
Received showSceneTimeline: true
Set showSceneTimeline to: true
Hibernate: select c1_0.story_id,c1_0.id,c1_0.actor_name,c1_0.description,c1_0.name,c1_0.popularity,c1_0.role from characters c1_0 where c1_0.story_id=?
Hibernate: select iu1_0.character_id,iu1_0.image_url from character_images iu1_0 where iu1_0.character_id=?
Hibernate: select iu1_0.character_id,iu1_0.image_url from character_images iu1_0 where iu1_0.character_id=?
Hibernate: select i1_0.story_id,i1_0.id,i1_0.url from story_images i1_0 where i1_0.story_id=?
Hibernate: insert into characters (actor_name,description,name,popularity,role,story_id) values (?,?,?,?,?,?)
2025-11-24T01:33:48.129-05:00  WARN 8992 --- [story-service] [io-8082-exec-10] o.h.engine.jdbc.spi.SqlExceptionHelper   : SQL Error: 1062, SQLState: 23000
2025-11-24T01:33:48.130-05:00 ERROR 8992 --- [story-service] [io-8082-exec-10] o.h.engine.jdbc.spi.SqlExceptionHelper   : Duplicate entry '1-Bahubali' for key 'characters.UKm54vwjmdwu0ulhyjvjqece5hk'
Hibernate: select s1_0.id,s1_0.author_username,s1_0.content,s1_0.created_at,s1_0.description,s1_0.is_published,s1_0.like_count,s1_0.show_scene_timeline,s1_0.story_number,s1_0.timeline_json,s1_0.title,s1_0.total_watch_time,s1_0.view_count,s1_0.writers from stories s1_0 where s1_0.id=?
Hibernate: select s1_0.id,s1_0.author_username,s1_0.content,s1_0.created_at,s1_0.description,s1_0.is_published,s1_0.like_count,s1_0.show_scene_timeline,s1_0.story_number,s1_0.timeline_json,s1_0.title,s1_0.total_watch_time,s1_0.view_count,s1_0.writers from stories s1_0 where s1_0.title=? and s1_0.author_username=? and s1_0.id!=?
Received showSceneTimeline: true
Set showSceneTimeline to: true
Hibernate: select c1_0.story_id,c1_0.id,c1_0.actor_name,c1_0.description,c1_0.name,c1_0.popularity,c1_0.role from characters c1_0 where c1_0.story_id=?
Hibernate: select iu1_0.character_id,iu1_0.image_url from character_images iu1_0 where iu1_0.character_id=?
Hibernate: select iu1_0.character_id,iu1_0.image_url from character_images iu1_0 where iu1_0.character_id=?
Hibernate: select i1_0.story_id,i1_0.id,i1_0.url from story_images i1_0 where i1_0.story_id=?
Hibernate: insert into characters (actor_name,description,name,popularity,role,story_id) values (?,?,?,?,?,?)
2025-11-24T01:34:07.817-05:00  WARN 8992 --- [story-service] [nio-8082-exec-9] o.h.engine.jdbc.spi.SqlExceptionHelper   : SQL Error: 1062, SQLState: 23000
2025-11-24T01:34:07.818-05:00 ERROR 8992 --- [story-service] [nio-8082-exec-9] o.h.engine.jdbc.spi.SqlExceptionHelper   : Duplicate entry '1-Bahubali' for key 'characters.UKm54vwjmdwu0ulhyjvjqece5hk'
2025-11-24T01:35:22.026-05:00  INFO 8992 --- [story-service] [trap-executor-0] c.n.d.s.r.aws.ConfigClusterResolver      : Resolving eureka endpoints via configuration
Hibernate: select s1_0.id,s1_0.author_username,s1_0.content,s1_0.created_at,s1_0.description,s1_0.is_published,s1_0.like_count,s1_0.show_scene_timeline,s1_0.story_number,s1_0.timeline_json,s1_0.title,s1_0.total_watch_time,s1_0.view_count,s1_0.writers from stories s1_0
Hibernate: select s1_0.id,s1_0.author_username,s1_0.content,s1_0.created_at,s1_0.description,s1_0.is_published,s1_0.like_count,s1_0.show_scene_timeline,s1_0.story_number,s1_0.timeline_json,s1_0.title,s1_0.total_watch_time,s1_0.view_count,s1_0.writers from stories s1_0
Hibernate: select s1_0.id,s1_0.author_username,s1_0.content,s1_0.created_at,s1_0.description,s1_0.is_published,s1_0.like_count,s1_0.show_scene_timeline,s1_0.story_number,s1_0.timeline_json,s1_0.title,s1_0.total_watch_time,s1_0.view_count,s1_0.writers from stories s1_0
Hibernate: select s1_0.id,s1_0.author_username,s1_0.content,s1_0.created_at,s1_0.description,s1_0.is_published,s1_0.like_count,s1_0.show_scene_timeline,s1_0.story_number,s1_0.timeline_json,s1_0.title,s1_0.total_watch_time,s1_0.view_count,s1_0.writers from stories s1_0 where s1_0.author_username=?
Hibernate: select count(c1_0.id) from comments c1_0 where c1_0.story_id=?
Hibernate: select count(c1_0.id) from comments c1_0 where c1_0.story_id=?
Hibernate: select l1_0.id from likes l1_0 where l1_0.story_id=? and l1_0.username=? limit ?
Hibernate: select l1_0.id from likes l1_0 where l1_0.story_id=? and l1_0.username=? limit ?
Hibernate: select f1_0.id from favorites f1_0 where f1_0.story_id=? and f1_0.username=? limit ?
Hibernate: select f1_0.id from favorites f1_0 where f1_0.story_id=? and f1_0.username=? limit ?
Hibernate: select i1_0.story_id,i1_0.id,i1_0.url from story_images i1_0 where i1_0.story_id=?
Hibernate: select i1_0.story_id,i1_0.id,i1_0.url from story_images i1_0 where i1_0.story_id=?
Hibernate: select c1_0.story_id,c1_0.id,c1_0.actor_name,c1_0.description,c1_0.name,c1_0.popularity,c1_0.role from characters c1_0 where c1_0.story_id=?
Hibernate: select c1_0.story_id,c1_0.id,c1_0.actor_name,c1_0.description,c1_0.name,c1_0.popularity,c1_0.role from characters c1_0 where c1_0.story_id=?
Hibernate: select iu1_0.character_id,iu1_0.image_url from character_images iu1_0 where iu1_0.character_id=?
Hibernate: select iu1_0.character_id,iu1_0.image_url from character_images iu1_0 where iu1_0.character_id=?
Hibernate: select iu1_0.character_id,iu1_0.image_url from character_images iu1_0 where iu1_0.character_id=?
Hibernate: select sg1_0.story_id,sg1_0.id,sg1_0.genre_id,g1_0.id,g1_0.description,g1_0.name from story_genres sg1_0 left join genres g1_0 on g1_0.id=sg1_0.genre_id where sg1_0.story_id=?
Hibernate: select iu1_0.character_id,iu1_0.image_url from character_images iu1_0 where iu1_0.character_id=?
Hibernate: select sg1_0.story_id,sg1_0.id,sg1_0.genre_id,g1_0.id,g1_0.description,g1_0.name from story_genres sg1_0 left join genres g1_0 on g1_0.id=sg1_0.genre_id where sg1_0.story_id=?
Hibernate: select s1_0.id,s1_0.author_username,s1_0.content,s1_0.created_at,s1_0.description,s1_0.is_published,s1_0.like_count,s1_0.show_scene_timeline,s1_0.story_number,s1_0.timeline_json,s1_0.title,s1_0.total_watch_time,s1_0.view_count,s1_0.writers from stories s1_0 where s1_0.id=?
Hibernate: select s1_0.id,s1_0.author_username,s1_0.content,s1_0.created_at,s1_0.description,s1_0.is_published,s1_0.like_count,s1_0.show_scene_timeline,s1_0.story_number,s1_0.timeline_json,s1_0.title,s1_0.total_watch_time,s1_0.view_count,s1_0.writers from stories s1_0 where s1_0.title=? and s1_0.author_username=? and s1_0.id!=?
Received showSceneTimeline: true
Set showSceneTimeline to: true
Hibernate: select c1_0.story_id,c1_0.id,c1_0.actor_name,c1_0.description,c1_0.name,c1_0.popularity,c1_0.role from characters c1_0 where c1_0.story_id=?
Hibernate: select iu1_0.character_id,iu1_0.image_url from character_images iu1_0 where iu1_0.character_id=?
Hibernate: select iu1_0.character_id,iu1_0.image_url from character_images iu1_0 where iu1_0.character_id=?
Hibernate: select i1_0.story_id,i1_0.id,i1_0.url from story_images i1_0 where i1_0.story_id=?
Hibernate: insert into characters (actor_name,description,name,popularity,role,story_id) values (?,?,?,?,?,?)
2025-11-24T01:36:49.616-05:00  WARN 8992 --- [story-service] [nio-8082-exec-4] o.h.engine.jdbc.spi.SqlExceptionHelper   : SQL Error: 1062, SQLState: 23000
2025-11-24T01:36:49.616-05:00 ERROR 8992 --- [story-service] [nio-8082-exec-4] o.h.engine.jdbc.spi.SqlExceptionHelper   : Duplicate entry '1-Bahubali' for key 'characters.UKm54vwjmdwu0ulhyjvjqece5hk'
Hibernate: select s1_0.id,s1_0.author_username,s1_0.content,s1_0.created_at,s1_0.description,s1_0.is_published,s1_0.like_count,s1_0.show_scene_timeline,s1_0.story_number,s1_0.timeline_json,s1_0.title,s1_0.total_watch_time,s1_0.view_count,s1_0.writers from stories s1_0 where s1_0.id=?
Hibernate: select s1_0.id,s1_0.author_username,s1_0.content,s1_0.created_at,s1_0.description,s1_0.is_published,s1_0.like_count,s1_0.show_scene_timeline,s1_0.story_number,s1_0.timeline_json,s1_0.title,s1_0.total_watch_time,s1_0.view_count,s1_0.writers from stories s1_0 where s1_0.title=? and s1_0.author_username=? and s1_0.id!=?
Received showSceneTimeline: true
Set showSceneTimeline to: true
Hibernate: select c1_0.story_id,c1_0.id,c1_0.actor_name,c1_0.description,c1_0.name,c1_0.popularity,c1_0.role from characters c1_0 where c1_0.story_id=?
Hibernate: select iu1_0.character_id,iu1_0.image_url from character_images iu1_0 where iu1_0.character_id=?
Hibernate: select iu1_0.character_id,iu1_0.image_url from character_images iu1_0 where iu1_0.character_id=?
Hibernate: select i1_0.story_id,i1_0.id,i1_0.url from story_images i1_0 where i1_0.story_id=?
Hibernate: insert into characters (actor_name,description,name,popularity,role,story_id) values (?,?,?,?,?,?)
2025-11-24T01:36:56.573-05:00  WARN 8992 --- [story-service] [nio-8082-exec-1] o.h.engine.jdbc.spi.SqlExceptionHelper   : SQL Error: 1062, SQLState: 23000
2025-11-24T01:36:56.573-05:00 ERROR 8992 --- [story-service] [nio-8082-exec-1] o.h.engine.jdbc.spi.SqlExceptionHelper   : Duplicate entry '1-Bahubali' for key 'characters.UKm54vwjmdwu0ulhyjvjqece5hk'
